生成启动时间为 2021/1/10 星期日 22:28:02。
     1>项目“E:\2021_code\寒假班\2021_1_10\2021_1_10\2021_1_10.vcxproj”在节点 2 上(Build 个目标)。
     1>ClCompile:
         E:\Program Files (x86)\Microsoft Visual Studio 12.0\VC\bin\CL.exe /c /ZI /nologo /W3 /WX- /sdl /Od /Oy- /D _MBCS /Gm /EHsc /RTC1 /MDd /GS /fp:precise /Zc:wchar_t /Zc:forScope /Fo"Debug\\" /Fd"Debug\vc120.pdb" /Gd /TC /analyze- /errorReport:prompt ..\..\test.c
         test.c
     1>e:\2021_code\寒假班\test.c(10): error C2143: 语法错误 : 缺少“;”(在“{”的前面)
     1>e:\2021_code\寒假班\test.c(10): warning C4550: 表达式计算为缺少参数列表的函数
     1>e:\2021_code\寒假班\test.c(10): error C2143: 语法错误 : 缺少“;”(在“}”的前面)
     1>已完成生成项目“E:\2021_code\寒假班\2021_1_10\2021_1_10\2021_1_10.vcxproj”(Build 个目标)的操作 - 失败。

生成失败。

已用时间 00:00:00.16
